<?xml version="1.0" encoding="UTF-8" standalone="no"?><testsuite errors="1" failures="0" name="buy at falabella" skipped="0" tests="1" time="26.33" timestamp="2024-02-12 10:23:18"><testcase name="I make a purchase at Falabella"><error type="java.lang.NullPointerException"/><system-err>null&#13;
co.com.falabella.tasks.SearchProductTask.withData(SearchProductTask.java:81)&#13;
co.com.falabella.stepDefinitions.FalabellaStepDefinitions.iAmLookingForAProduct(FalabellaStepDefinitions.java:92)&#13;
✽.I am looking for a producty(file:///C:/Users/jperezc/Documents/Falabella/falabellaTestAutomated/src/test/resources/features/falabella.feature:7)&#13;
</system-err></testcase></testsuite>